# JRE version: OpenJDK Runtime Environment Temurin-17.0.5+8 (17.0.5+8) (build 17.0.5+8)
# Java VM: OpenJDK 64-Bit Server VM Temurin-17.0.5+8 (17.0.5+8, mixed mode, emulated-client, tiered, compressed oops, compressed class ptrs, g1 gc, windows-amd64)
GC Precious Log:
 CPUs: 8 total, 8 available
 Memory: 14252M
 Large Page Support: Disabled
 NUMA Support: Disabled
 Compressed Oops: Enabled (Zero based)
 Heap Region Size: 2M
 Heap Min Capacity: 8M
 Heap Initial Capacity: 224M
 Heap Max Capacity: 3564M
 Pre-touch: Disabled
 Parallel Workers: 8
 Concurrent Workers: 2
 Concurrent Refinement Workers: 8
 Periodic GC: Disabled
Heap:
 garbage-first heap   total 90112K, used 23326K [0x0000000721400000, 0x0000000800000000)
  region size 2048K, 2 young (4096K), 0 survivors (0K)
 Metaspace       used 69731K, committed 70400K, reserved 1114112K
  class space    used 9383K, committed 9664K, reserved 1048576K
GC Heap History (20 events):
Event: 7.621 GC heap before
{Heap before GC invocations=11 (full 0):
 garbage-first heap   total 69632K, used 48592K [0x0000000721400000, 0x0000000800000000)
  region size 2048K, 20 young (40960K), 4 survivors (8192K)
 Metaspace       used 43330K, committed 43648K, reserved 1089536K
  class space    used 5640K, committed 5760K, reserved 1048576K
}
Event: 7.634 GC heap after
{Heap after GC invocations=12 (full 0):
 garbage-first heap   total 69632K, used 17864K [0x0000000721400000, 0x0000000800000000)
  region size 2048K, 2 young (4096K), 2 survivors (4096K)
 Metaspace       used 43330K, committed 43648K, reserved 1089536K
  class space    used 5640K, committed 5760K, reserved 1048576K
}
Event: 7.684 GC heap before
{Heap before GC invocations=12 (full 0):
 garbage-first heap   total 69632K, used 17864K [0x0000000721400000, 0x0000000800000000)
  region size 2048K, 3 young (6144K), 2 survivors (4096K)
 Metaspace       used 43839K, committed 44160K, reserved 1089536K
  class space    used 5693K, committed 5824K, reserved 1048576K
}
Event: 7.690 GC heap after
{Heap after GC invocations=13 (full 0):
 garbage-first heap   total 69632K, used 18452K [0x0000000721400000, 0x0000000800000000)
  region size 2048K, 1 young (2048K), 1 survivors (2048K)
 Metaspace       used 43839K, committed 44160K, reserved 1089536K
  class space    used 5693K, committed 5824K, reserved 1048576K
}
Event: 8.967 GC heap before
{Heap before GC invocations=13 (full 0):
 garbage-first heap   total 69632K, used 49172K [0x0000000721400000, 0x0000000800000000)
  region size 2048K, 16 young (32768K), 1 survivors (2048K)
 Metaspace       used 54319K, committed 54720K, reserved 1097728K
  class space    used 7114K, committed 7296K, reserved 1048576K
}
Event: 8.976 GC heap after
{Heap after GC invocations=14 (full 0):
 garbage-first heap   total 69632K, used 20903K [0x0000000721400000, 0x0000000800000000)
  region size 2048K, 2 young (4096K), 2 survivors (4096K)
 Metaspace       used 54319K, committed 54720K, reserved 1097728K
  class space    used 7114K, committed 7296K, reserved 1048576K
}
Event: 9.914 GC heap before
{Heap before GC invocations=14 (full 0):
 garbage-first heap   total 69632K, used 47527K [0x0000000721400000, 0x0000000800000000)
  region size 2048K, 16 young (32768K), 2 survivors (4096K)
 Metaspace       used 60118K, committed 60480K, reserved 1105920K
  class space    used 8026K, committed 8192K, reserved 1048576K
}
Event: 9.923 GC heap after
{Heap after GC invocations=15 (full 0):
 garbage-first heap   total 69632K, used 22563K [0x0000000721400000, 0x0000000800000000)
  region size 2048K, 1 young (2048K), 1 survivors (2048K)
 Metaspace       used 60118K, committed 60480K, reserved 1105920K
  class space    used 8026K, committed 8192K, reserved 1048576K
}
Event: 10.638 GC heap before
{Heap before GC invocations=16 (full 0):
 garbage-first heap   total 69632K, used 51235K [0x0000000721400000, 0x0000000800000000)
  region size 2048K, 15 young (30720K), 1 survivors (2048K)
 Metaspace       used 63068K, committed 63424K, reserved 1105920K
  class space    used 8467K, committed 8640K, reserved 1048576K
}
Event: 10.645 GC heap after
{Heap after GC invocations=17 (full 0):
 garbage-first heap   total 69632K, used 24660K [0x0000000721400000, 0x0000000800000000)
  region size 2048K, 2 young (4096K), 2 survivors (4096K)
 Metaspace       used 63068K, committed 63424K, reserved 1105920K
  class space    used 8467K, committed 8640K, reserved 1048576K
}
Event: 10.702 GC heap before
{Heap before GC invocations=17 (full 0):
 garbage-first heap   total 69632K, used 24660K [0x0000000721400000, 0x0000000800000000)
  region size 2048K, 3 young (6144K), 2 survivors (4096K)
 Metaspace       used 63276K, committed 63680K, reserved 1105920K
  class space    used 8499K, committed 8704K, reserved 1048576K
}
Event: 10.713 GC heap after
{Heap after GC invocations=18 (full 0):
 garbage-first heap   total 69632K, used 24575K [0x0000000721400000, 0x0000000800000000)
  region size 2048K, 1 young (2048K), 1 survivors (2048K)
 Metaspace       used 63276K, committed 63680K, reserved 1105920K
  class space    used 8499K, committed 8704K, reserved 1048576K
}
Event: 10.999 GC heap before
{Heap before GC invocations=18 (full 0):
 garbage-first heap   total 69632K, used 49151K [0x0000000721400000, 0x0000000800000000)
  region size 2048K, 14 young (28672K), 1 survivors (2048K)
 Metaspace       used 64148K, committed 64576K, reserved 1105920K
  class space    used 8592K, committed 8768K, reserved 1048576K
}
Event: 11.006 GC heap after
{Heap after GC invocations=19 (full 0):
 garbage-first heap   total 122880K, used 30032K [0x0000000721400000, 0x0000000800000000)
  region size 2048K, 2 young (4096K), 2 survivors (4096K)
 Metaspace       used 64148K, committed 64576K, reserved 1105920K
  class space    used 8592K, committed 8768K, reserved 1048576K
}
Event: 11.389 GC heap before
{Heap before GC invocations=19 (full 0):
 garbage-first heap   total 122880K, used 89424K [0x0000000721400000, 0x0000000800000000)
  region size 2048K, 32 young (65536K), 2 survivors (4096K)
 Metaspace       used 64241K, committed 64640K, reserved 1105920K
  class space    used 8604K, committed 8768K, reserved 1048576K
}
Event: 11.396 GC heap after
{Heap after GC invocations=20 (full 0):
 garbage-first heap   total 122880K, used 31797K [0x0000000721400000, 0x0000000800000000)
  region size 2048K, 3 young (6144K), 3 survivors (6144K)
 Metaspace       used 64241K, committed 64640K, reserved 1105920K
  class space    used 8604K, committed 8768K, reserved 1048576K
}
Event: 200.871 GC heap before
{Heap before GC invocations=20 (full 0):
 garbage-first heap   total 122880K, used 93237K [0x0000000721400000, 0x0000000800000000)
  region size 2048K, 33 young (67584K), 3 survivors (6144K)
 Metaspace       used 69443K, committed 69888K, reserved 1114112K
  class space    used 9353K, committed 9600K, reserved 1048576K
}
Event: 200.904 GC heap after
{Heap after GC invocations=21 (full 0):
 garbage-first heap   total 122880K, used 33156K [0x0000000721400000, 0x0000000800000000)
  region size 2048K, 3 young (6144K), 3 survivors (6144K)
 Metaspace       used 69443K, committed 69888K, reserved 1114112K
  class space    used 9353K, committed 9600K, reserved 1048576K
}
Event: 306.792 GC heap before
{Heap before GC invocations=21 (full 0):
 garbage-first heap   total 122880K, used 37252K [0x0000000721400000, 0x0000000800000000)
  region size 2048K, 6 young (12288K), 3 survivors (6144K)
 Metaspace       used 69899K, committed 70400K, reserved 1114112K
  class space    used 9418K, committed 9664K, reserved 1048576K
}
Event: 306.872 GC heap after
{Heap after GC invocations=22 (full 1):
 garbage-first heap   total 90112K, used 21278K [0x0000000721400000, 0x0000000800000000)
  region size 2048K, 0 young (0K), 0 survivors (0K)
 Metaspace       used 69726K, committed 70400K, reserved 1114112K
  class space    used 9382K, committed 9664K, reserved 1048576K
}

